c:\users\juk39\desktop\security\specialist-cmu-project\src\security\security\x64\debug\security.pch
c:\users\juk39\desktop\security\specialist-cmu-project\src\security\security\x64\debug\vc142.pdb
c:\users\juk39\desktop\security\specialist-cmu-project\src\security\security\x64\debug\vc142.idb
c:\users\juk39\desktop\security\specialist-cmu-project\src\security\security\x64\debug\pch.obj
c:\users\juk39\desktop\security\specialist-cmu-project\src\security\security\x64\debug\tcpsendrecvjpeg.obj
c:\users\juk39\desktop\security\specialist-cmu-project\src\security\security\x64\debug\securitydlg.obj
c:\users\juk39\desktop\security\specialist-cmu-project\src\security\security\x64\debug\security.obj
c:\users\juk39\desktop\security\specialist-cmu-project\src\security\security\x64\debug\recvimagetcp.obj
c:\users\juk39\desktop\security\specialist-cmu-project\src\security\security\x64\debug\networktls.obj
c:\users\juk39\desktop\security\specialist-cmu-project\src\security\security\x64\debug\networktcp.obj
c:\users\juk39\desktop\security\specialist-cmu-project\src\security\security\x64\debug\commandencoder.obj
c:\users\juk39\desktop\security\specialist-cmu-project\src\security\security\x64\debug\commanddecoder.obj
c:\users\juk39\desktop\security\specialist-cmu-project\src\security\x64\debug\security.exe
c:\users\juk39\desktop\security\specialist-cmu-project\src\security\x64\debug\security.ilk
c:\users\juk39\desktop\security\specialist-cmu-project\src\security\x64\debug\security.pdb
c:\users\juk39\desktop\security\specialist-cmu-project\src\security\security\x64\debug\security.res
c:\users\juk39\desktop\security\specialist-cmu-project\src\security\x64\debug\libcrypto-1_1-x64.dll
c:\users\juk39\desktop\security\specialist-cmu-project\src\security\x64\debug\libssl-1_1-x64.dll
c:\users\juk39\desktop\security\specialist-cmu-project\src\security\security\x64\debug\security.tlog\cl.command.1.tlog
c:\users\juk39\desktop\security\specialist-cmu-project\src\security\security\x64\debug\security.tlog\cl.read.1.tlog
c:\users\juk39\desktop\security\specialist-cmu-project\src\security\security\x64\debug\security.tlog\cl.write.1.tlog
c:\users\juk39\desktop\security\specialist-cmu-project\src\security\security\x64\debug\security.tlog\link.command.1.tlog
c:\users\juk39\desktop\security\specialist-cmu-project\src\security\security\x64\debug\security.tlog\link.read.1.tlog
c:\users\juk39\desktop\security\specialist-cmu-project\src\security\security\x64\debug\security.tlog\link.write.1.tlog
c:\users\juk39\desktop\security\specialist-cmu-project\src\security\security\x64\debug\security.tlog\rc.command.1.tlog
c:\users\juk39\desktop\security\specialist-cmu-project\src\security\security\x64\debug\security.tlog\rc.read.1.tlog
c:\users\juk39\desktop\security\specialist-cmu-project\src\security\security\x64\debug\security.tlog\rc.write.1.tlog
c:\users\juk39\desktop\security\specialist-cmu-project\src\security\security\x64\debug\security.tlog\security.write.1u.tlog
